Fri Oct 27 06:10:01 CST 2017 hk_detail_wy_run.php start
00001
00002
00003
00004
00005
00006
00007
00008
00009
00010
00011
00012
00014
00015
00016
00017
00018
00019
00020
00021
00022
00023
00024
00025
00026
00027
00028
00029
00030
00031
00032
00033
[roeerror:00033]
00034
00035
00036
00037
00038
00039
00040
00041
00042
00044
00045
00046
00047
00048
00050
00051
00052
00053
00054
00055
00056
00057
00058
00059
00060
00061
00062
00063
00064
00065
00066
00067
[roeerror:00067]
00068
00069
00070
00071
00072
00073
[roeerror:00073]
00075
00076
00077
00079
00080
00081
00082
00083
00084
00085
00086
00087
00088
00089
00090
00091
00092
00093
00094
00096
00097
00098
00099
00100
00101
00102
00103
00104
00105
00106
00107
00108
00109
00110
00111
00112
00113
00114
00115
00117
00118
00119
00121
00122
[roeerror:00122]
00123
00124
00125
00126
00127
00128
00129
00130
00131
00132
00133
00135
00137
00138
00139
00141
00142
00143
00144
00145
00146
00147
00148
00149
00151
00152
00154
00155
[roeerror:00155]
00156
[roeerror:00156]
[roeerror:00156]
[roeerror:00156]
[roeerror:00156]
[roeerror:00156]
[roeerror:00156]
00157
00158
00159
00160
00161
00162
[roeerror:00162]
[roeerror:00162]
[roeerror:00162]
[roeerror:00162]
[roeerror:00162]
[roeerror:00162]
[roeerror:00162]
[roeerror:00162]
[roeerror:00162]
00163
00164
00165
00166
00167
00168
00169
00170
00171
00172
00173
00174
00175
00176
00177
00178
00179
[roeerror:00179]
00180
00181
00182
00183
[roeerror:00183]
00184
00185
00186
[roeerror:00186]
[roeerror:00186]
[roeerror:00186]
[roeerror:00186]
[roeerror:00186]
[roeerror:00186]
[roeerror:00186]
[roeerror:00186]
[roeerror:00186]
[roeerror:00186]
00187
00188
00189
00190
00191
[roeerror:00191]
00193
[roeerror:00193]
00194
00195
00196
00197
00199
00200
00201
00202
00204
00205
00206
00207
00208
00209
00210
00211
00212
00213
00214
00215
[roeerror:00215]
00216
00217
00218
00219
00220
00221
00222
00223
00224
00225
00226
[roeerror:00226]
[roeerror:00226]
[roeerror:00226]
[roeerror:00226]
[roeerror:00226]
[roeerror:00226]
00227
00228
00229
00230
00231
00232
00233
[roeerror:00233]
00234
00235
00236
00237
00238
00239
00240
00241
[roeerror:00241]
00242
00243
00244
[roeerror:00244]
[roeerror:00244]
[roeerror:00244]
00245
00246
00247
00248
00250
00251
00252
00253
00254
00255
00256
00257
00258
00259
00260
00261
00262
00263
00264
00265
00266
00267
00268
00269
00270
00271
00272
00273
00274
00275
00276
00277
00278
00280
00281
00282
00283
00285
00286
00287
00288
00289
00290
00291
00292
00293
00294
00296
00297
00298
00299
00300
00303
[roeerror:00303]
00305
00306
00307
[roeerror:00307]
00308
00309
00310
00311
00312
00313
00315
00316
00317
00318
00319
00320
00321
00322
00323
00326
00327
00328
00329
00330
00331
[roeerror:00331]
[roeerror:00331]
00332
00333
00334
00335
00336
00337
00338
00339
00340
00341
00342
00343
00345
00346
00347
00348
00351
00352
00353
00354
00355
00356
00357
00358
00359
00360
00361
00362
00363
00364
00365
00366
00367
00368
00369
00370
00371
00372
00373
00374
00375
00376
00377
00378
[roeerror:00378]
[roeerror:00378]
[roeerror:00378]
[roeerror:00378]
[roeerror:00378]
[roeerror:00378]
[roeerror:00378]
[roeerror:00378]
[roeerror:00378]
00379
00380
00381
00382
00383
00384
00385
00386
00387
00388
00389
00390
00391
00392
00393
00395
00396
00397
00398
00399
[roeerror:00399]
[roeerror:00399]
[roeerror:00399]
[roeerror:00399]
[roeerror:00399]
[roeerror:00399]
[roeerror:00399]
00402
00403
00404
00405
00406
00408
00410
00411
00412
00413
00416
00417
[roeerror:00417]
[roeerror:00417]
[roeerror:00417]
00418
00419
00420
00422
00423
00425
00426
00428
00430
00431
00432
00433
00435
00438
00439
00440
00444
00445
00449
00450
00451
00455
00456
00458
00459
00460
00462
[roeerror:00462]
[roeerror:00462]
[roeerror:00462]
00464
00465
00469
00471
00472
00474
00475
00476
00479
00482
00483
00485
00486
00487
00489
00491
00493
00494
00495
00496
00497
00498
00499
00500
00503
00505
00506
00508
00509
00510
00511
00512
00513
00515
00517
00518
00519
00521
00522
00524
00525
00526
00527
00528
00529
00530
00531
00532
00533
00536
00538
00539
00542
00543
00544
00546
00547
00548
00549
00550
00551
00552
00553
00554
00555
00556
00557
00558
00559
00560
00563
00565
00566
00567
00568
00569
00570
00571
[roeerror:00571]
[roeerror:00571]
[roeerror:00571]
[roeerror:00571]
[roeerror:00571]
00572
00573
00575
00576
00577
00578
00580
00582
00585
00587
[roeerror:00587]
00588
00589
00590
00591
00592
00593
00595
00596
00598
00599
00600
00601
00602
00603
00604
00605
00606
00607
00608
00609
00610
00611
00612
00613
00616
00617
00618
00619
00620
00621
00622
00623
00625
00626
00627
00628
00629
00630
00631
00632
00633
00635
00636
00637
[roeerror:00637]
[roeerror:00637]
[roeerror:00637]
[roeerror:00637]
[roeerror:00637]
[roeerror:00637]
[roeerror:00637]
00638
00639
00640
00641
00643
00645
00646
00647
00648
00650
00651
00653
00655
[roeerror:00655]
[roeerror:00655]
[roeerror:00655]
[roeerror:00655]
[roeerror:00655]
[roeerror:00655]
00656
00657
00658
00659
00660
00661
00662
00663
00665
00666
00668
00669
00670
00672
00673
00674
00675
00676
00677
00678
00679
00680
00681
00682
00683
00684
00685
00688
00689
00690
00691
00692
00693
00694
00696
00697
00700
00701
00702
00703
00704
00705
00706
00707
00708
00709
00710
00711
00712
00713
00715
00716
00717
00719
00720
00721
00722
00723
00724
00725
00726
00727
00728
00729
00730
00731
00732
00733
00735
00736
00737
00738
[roeerror:00738]
[roeerror:00738]
[roeerror:00738]
00743
00745
00746
00747
00750
00751
00752
00753
00754
00755
00756
00757
00758
00759
00760
00761
[roeerror:00761]
00762
00763
00764
00765
00766
00767
00768
00769
00770
00771
00775
00776
00777
00778
00789
00794
00800
00801
00802
00803
00805
00806
00808
00809
00810
00811
00812
00813
00814
00817
00818
00819
00820
00821
00822
00823
00825
00826
00827
00828
[roeerror:00828]
00829
00830
00831
00832
00833
00834
00835
00836
00837
00838
00840
00841
00842
00846
00847
00848
00850
00851
00852
00855
00856
00857
00858
00859
00860
00861
00862
00865
00866
00867
00868
00869
00871
00872
00873
[roeerror:00873]
00874
00875
00876
00877
00878
00880
00881
00882
00883
00886
00887
00888
00889
00891
00893
00894
00895
00896
00897
00898
00899
00900
[roeerror:00900]
[roeerror:00900]
[roeerror:00900]
[roeerror:00900]
[roeerror:00900]
[roeerror:00900]
[roeerror:00900]
[roeerror:00900]
[roeerror:00900]
[roeerror:00900]
00901
00902
00903
00904
00905
00906
00907
00908
00909
00910
00912
00913
00914
00915
00916
00918
00919
00921
00922
00923
00925
00926
00927
00928
00929
00930
[roeerror:00930]
00931
00933
00934
00935
00936
00938
00939
00940
[roeerror:00940]
00941
00943
00945
00947
00948
00950
00952
00953
00956
00958
00959
00960
00963
00966
00967
00968
00969
00970
00975
00976
00978
00979
00980
00981
00982
00983
00984
00985
00986
00987
00988
00989
00990
00991
00992
00993
00995
00996
00997
00998
00999
[roeerror:00999]
[roeerror:00999]
[roeerror:00999]
01000
01001
01002
[roeerror:01002]
01003
01004
01005
01006
01007
01008
01009
01010
01011
01013
01019
01020
01021
01026
01029
01033
01036
01037
01038
01039
01041
01043
01044
01045
01046
01047
01048
01049
01050
01051
01052
01053
01055
01057
01058
01059
01060
01061
01062
01063
01064
01065
01066
01068
01069
01070
01071
01072
01073
[roeerror:01073]
01075
01076
01079
01080
01082
01083
01085
01086
01087
01088
01089
01090
01091
01093
01094
01097
01099
01100
01101
01102
01104
01105
01106
01108
01109
01110
01111
01112
01114
01116
[roeerror:01116]
01117
[roeerror:01117]
01118
01120
01121
01122
01123
01124
01125
[roeerror:01125]
01126
01127
01128
01129
01130
01131
01132
01133
01135
01136
01137
01138
01139
01140
01142
01143
01145
01149
[roeerror:01149]
01150
01151
01155
01157
01159
01160
01161
01163
01164
01165
01166
01168
01169
01170
01171
01172
[roeerror:01172]
[roeerror:01172]
[roeerror:01172]
[roeerror:01172]
[roeerror:01172]
01173
01174
[roeerror:01174]
[roeerror:01174]
[roeerror:01174]
[roeerror:01174]
01175
01176
01177
01178
01180
01181
01182
01184
01185
01186
01187
01188
01189
01191
[roeerror:01191]
[roeerror:01191]
[roeerror:01191]
[roeerror:01191]
[roeerror:01191]
[roeerror:01191]
[roeerror:01191]
[roeerror:01191]
[roeerror:01191]
[roeerror:01191]
[roeerror:01191]
01192
01193
01194
01195
01198
01199
01200
01201
01202
01203
01205
01207
01211
01213
01215
01217
01218
01220
01221
01222
01223
01224
01225
01226
01227
01228
[roeerror:01228]
01229
01230
01231
01234
01238
01241
01259
01278
01280
01282
01288
01299
01308
01313
01318
01323
01328
01333
01338
01361
01368
01378
01380
01382
01383
01386
01387
01388
01389
01393
01398
01399
[roeerror:01399]
01428
01488
01513
01555
01600
01618
01623
01628
01663
01666
01668
01682
01683
[roeerror:01683]
[roeerror:01683]
[roeerror:01683]
[roeerror:01683]
[roeerror:01683]
01685
01698
[roeerror:01698]
01700
01708
01717
01728
01733
01766
01777
01788
01798
01800
01808
01812
01813
01822
[roeerror:01822]
01823
01828
01831
01833
01838
01862
01863
01866
01868
01878
[roeerror:01878]
01880
[roeerror:01880]
[roeerror:01880]
[roeerror:01880]
[roeerror:01880]
[roeerror:01880]
[roeerror:01880]
[roeerror:01880]
[roeerror:01880]
[roeerror:01880]
01881
01882
01883
01886
01888
01889
01893
01898
01899
01900
01910
01913
[roeerror:01913]
01918
01919
01928
01938
01966
01988
01991
[roeerror:01991]
01998
01999
02000
02002
02005
02006
02007
02008
02009
02010
02011
02018
02020
02028
02038
02083
02088
02098
02099
02118
02123
[roeerror:02123]
02128
02168
02188
02198
02208
02218
02222
02228
02233
02238
02268
02282
02288
02299
02300
02302
02307
02308
02309
[roeerror:02309]
[roeerror:02309]
02310
02312
02313
02314
02317
02318
02319
02320
02322
02323
02324
[roeerror:02324]
[roeerror:02324]
[roeerror:02324]
[roeerror:02324]
[roeerror:02324]
[roeerror:02324]
[roeerror:02324]
[roeerror:02324]
02326
02327
02328
02330
02331
02333
02336
02338
02339
02340
02341
02342
02345
02348
02349
02355
02356
02357
02358
02362
02366
02368
02369
02371
02378
02379
02380
02382
02383
02388
02389
02398
02468
02488
02588
02600
02601
02607
02628
02633
02662
02668
02678
02688
02689
02698
02700
02722
02727
02728
02777
02778
02788
02789
02866
02868
02877
02878
02880
02882
[roeerror:02882]
[roeerror:02882]
[roeerror:02882]
[roeerror:02882]
02883
02888
02889
02898
02899
02918
03300
03303
03308
03311
03313
03318
03322
03323
03328
03330
03331
03333
03335
03336
03337
03344
03355
03360
03363
03366
03368
03377
03378
03382
03383
03389
03393
03398
03399
03618
03683
03688
03777
03800
[roeerror:03800]
03808
03813
03818
03823
03828
03833
03838
03868
[roeerror:03868]
03886
03888
03889
03898
03899
03900
03918
03933
03968
03983
03988
03989
03993
03998
03999
04332
04333
04335
04336
04337
04338
06808
06838
08003
08005
08006
08007
08008
08009
08011
08016
08019
08021
08022
08025
08026
08028
08029
08032
08033
08035
[roeerror:08035]
08037
08041
08045
08046
08047
08048
08049
08050
08051
08052
08053
08055
08058
08060
08061
08063
08066
08070
08071
08075
[roeerror:08075]
[roeerror:08075]
[roeerror:08075]
[roeerror:08075]
[roeerror:08075]
08076
08078
08079
[roeerror:08079]
[roeerror:08079]
[roeerror:08079]
08080
08081
08082
08083
08085
08086
08087
08088
08089
08092
08095
08096
[roeerror:08096]
08098
08100
08102
08103
08106
08108
08109
08111
08112
08115
08116
08117
08119
08120
08123
08126
08128
08129
08130
08131
08132
08137
08143
08148
08149
08150
08153
08155
08156
08158
08159
08161
[roeerror:08161]
[roeerror:08161]
[roeerror:08161]
[roeerror:08161]
[roeerror:08161]
[roeerror:08161]
[roeerror:08161]
08163
08165
08166
08167
08169
08171
08172
08173
[roeerror:08173]
08175
08176
08178
08179
08182
08186
08189
08190
08192
08193
08196
08197
08198
08200
08202
[roeerror:08202]
08203
08205
08206
08207
08211
08212
08213
08217
[roeerror:08217]
[roeerror:08217]
[roeerror:08217]
[roeerror:08217]
[roeerror:08217]
[roeerror:08217]
[roeerror:08217]
08220
08225
08226
08227
08228
08229
08230
08231
08233
08235
08236
08239
08243
08247
08248
08249
08250
08251
[roeerror:08251]
[roeerror:08251]
[roeerror:08251]
[roeerror:08251]
[roeerror:08251]
[roeerror:08251]
08256
08258
08262
08265
08266
08269
08270
08271
08272
08273
08277
[roeerror:08277]
[roeerror:08277]
[roeerror:08277]
[roeerror:08277]
[roeerror:08277]
08279
08286
08290
08292
08295
[roeerror:08295]
[roeerror:08295]
[roeerror:08295]
[roeerror:08295]
[roeerror:08295]
[roeerror:08295]
[roeerror:08295]
08296
08299
[roeerror:08299]
08301
08306
08312
[roeerror:08312]
[roeerror:08312]
[roeerror:08312]
[roeerror:08312]
[roeerror:08312]
08317
08319
08321
[roeerror:08321]
[roeerror:08321]
[roeerror:08321]
[roeerror:08321]
[roeerror:08321]
[roeerror:08321]
08325
08329
08337
08340
08348
08351
08356
00564
00579
00586
00699
00787
[roeerror:00787]
[roeerror:00787]
[roeerror:00787]
[roeerror:00787]
00884
00911
01030
01113
01236
01253
01293
01302
01310
[roeerror:01310]
01315
01316
01317
[roeerror:01317]
01336
01339
01347
01359
01363
01381
01432
01448
01508
01528
01530
01636
01661
01680
01776
01778
01811
01816
01819
01829
01929
01958
01970
01972
01980
[roeerror:01980]
02039
02186
02196
02199
02202
02298
02329
02386
02666
03301
03380
03396
03606
03788
03799
03836
03908
03958
03969
06030
06099
06178
06837
06863
06881
06886
01658
01963
02066
03698
06818
00400
02924
03996
01633
[roeerror:01633]
[roeerror:01633]
[roeerror:01633]
[roeerror:01633]
[roeerror:01633]
[roeerror:01633]
00583
01208
02920
02923
02926
08331
87001
02925
01340
00153
00401
00434
00436
00484
00520
00540
00574
00695
00798
00815
00844
00854
00863
00864
00932
00954
00974
01022
01023
01027
01028
01035
01096
01103
01107
01146
01148
01152
01190
01197
01206
01210
01219
01232
01233
01235
01237
01239
01240
01245
01246
01247
01249
01251
01252
01255
01258
01260
01262
01263
01265
01266
01268
01269
01270
[roeerror:01270]
01271
01272
01273
01275
01277
01281
01285
01289
01290
01292
01296
01297
01298
01300
01301
01303
01305
01312
01314
01319
[roeerror:01319]
[roeerror:01319]
01321
01322
01326
01327
01329
01330
01332
01335
01341
01345
01348
01349
01353
01355
01358
01360
[roeerror:01360]
01362
01365
01366
01367
01369
01370
01371
01372
01373
01385
01395
01396
01397
01400
01415
01418
01419
01420
01421
01426
01430
01431
01439
01443
01446
01447
01450
01452
01456
01459
01460
01461
01462
01466
01468
01469
01470
01476
01480
01483
01486
01492
01495
01496
01498
01499
01500
01509
[roeerror:01509]
01520
01522
01523
01526
01527
01532
01533
01538
01539
01547
01549
01556
01557
01558
01559
01560
01561
01565
01566
01568
01570
01572
01573
01577
01578
01579
01580
01581
01583
01586
01588
01589
01591
01599
01609
01611
[roeerror:01611]
01612
01613
01616
01617
01619
[roeerror:01619]
01626
01629
01632
01639
01662
01669
01673
01678
01681
01689
01699
01718
01738
01771
01786
01799
01803
01830
01856
01858
01884
01885
01908
01979
01982
01986
01993
02012
02014
02016
02023
02030
02031
02033
02068
02078
[roeerror:02078]
[roeerror:02078]
02080
02086
02100
[roeerror:02100]
02112
02113
02120
02121
02133
[roeerror:02133]
02136
02138
02166
02178
02183
02193
02200
02211
02212
02213
02221
02223
02226
02229
02236
02239
02277
02278
02283
02286
02289
02303
02393
02399
02608
02623
02638
[roeerror:02638]
02669
02686
02699
02738
02886
03306
03315
03326
03332
03600
03608
03623
03626
03628
03633
03636
03638
03639
03663
03666
03668
03669
03678
03686
03689
03708
03709
03737
03773
03778
03816
03822
03839
03866
03882
03893
03903
03939
03948
03963
03966
06108
06118
06123
06128
06133
06136
06138
06139
06163
06166
06168
06183
06188
06189
06196
06198
06288
[roeerror:06288]
06388
[roeerror:06388]
[roeerror:06388]
[roeerror:06388]
[roeerror:06388]
[roeerror:06388]
06816
06822
06823
06826
06830
06833
06836
06839
06858
06865
06866
06868
06878
06880
06882
06888
06889
06893
06896
06898
06899
08001
08012
08018
08020
08023
08027
08030
08031
08038
08039
[roeerror:08039]
[roeerror:08039]
[roeerror:08039]
08056
[roeerror:08056]
[roeerror:08056]
08057
08059
08062
08067
08072
08077
08090
08093
08097
08101
08113
08121
08122
[roeerror:08122]
[roeerror:08122]
[roeerror:08122]
[roeerror:08122]
08125
08127
08133
08135
08138
08139
08141
08145
08147
08160
[roeerror:08160]
[roeerror:08160]
[roeerror:08160]
[roeerror:08160]
08162
08170
[roeerror:08170]
08177
08181
08187
08191
08195
08201
08215
08216
08218
08222
08232
08237
08238
08240
[roeerror:08240]
[roeerror:08240]
[roeerror:08240]
[roeerror:08240]
08242
08245
08246
08255
08260
08261
08267
08268
08278
08280
[roeerror:08280]
08281
08282
08283
08293
[roeerror:08293]
08300
08307
08308
08310
08311
08315
08316
08318
[roeerror:08318]
08320
[roeerror:08320]
[roeerror:08320]
[roeerror:08320]
08326
08327
08328
08333
08336
08342
08345
08346
08352
08353
08355
08359
08360
08361
08363
08366
08368
08369
08407
08411
01243
01596
02927
00078
00120
00442
00973
02928
08343
01637
08091
08221
08358
01536
02930
08416
08432
01575
01656
06122
08069
08415
08341
08349
02932
02933
01518
02934
08370
06068
[roeerror:06068]
02935
02936
03789
01660
02266
02937
01989
08428
08417
01627
02938
02940
02941
08188
02942
02293
01985
02944
00095
00116
00279
00468
00799
00853
00885
00951
01115
01196
01357
01375
01458
01606
01608
01610
01635
01818
01848
02111
02768
02869
03320
03339
03395
06066
08013
[roeerror:08013]
02947
08423
03869
08421
08442
02948
02949
08439
01647
02017
02281
02950
01667
02952
03768
08412
00816
02953
08347
08455
02954
08309
[roeerror:08309]
[roeerror:08309]
[roeerror:08309]
08413
08409
02001
08410
02956
02951
02959
02960
02611
08252
02961
06033
01655
02957
02963
02964
02965
08452
08365
08431
08183
02966
02967
02968
00804
01679
02972
06038
08446
00198
01630
08420
08425
01631
08460
01571
02973
08362
02975
02976
08469
08157
01932
01826
01695
01702
01962
06113
08405
06088
08297
08463
08257
00994
08462
08481
01649
01676
02977
02978
08291
08472
01216
08427
08465
03848
08073
08152
08471
02203
08142
01693
02980
02863
02983
02970
02971
02984
02985
02979
02986
02987
00043
00136
00295
00467
00480
00535
00581
00686
00687
00698
00718
00845
01031
[roeerror:01031]
[roeerror:01031]
[roeerror:01031]
[roeerror:01031]
[roeerror:01031]
01098
01141
01212
01250
01257
01478
01515
01548
01551
01569
01585
01622
01638
01836
02255
02269
02280
02343
02799
03329
03369
03883
06169
[roeerror:06169]
06828
06869
02989
01552
02990
08383
01696
02992
00488
[roeerror:00488]
03830
03728
01651
08199
02998
02999
02337
08065
08392
06116
01707
01709
02225
06080
06885
08275
08437
08445
08457
08476
08480
08491
02901
08430
02663
08470
02900
Fri Oct 27 08:48:31 CST 2017 hk_detail_wy_run.php finish
Fri Oct 27 08:48:31 CST 2017 hs_detail_run.php start
600005
600006
[roeerror:600006]
600007
[roeerror:600007]
600008
[roeerror:600008]
600009
[roeerror:600009]
600010
[roeerror:600010]
600011
[roeerror:600011]
600012
[roeerror:600012]
600017
[roeerror:600017]
600018
[roeerror:600018]
600019
[roeerror:600019]
[roeerror:600019]
600020
[roeerror:600020]
600021
[roeerror:600021]
600022
[roeerror:600022]
600023
[roeerror:600023]
600026
[roeerror:600026]
600027
[roeerror:600027]
600028
[roeerror:600028]
[roeerror:600028]
[roeerror:600028]
600029
[roeerror:600029]
600030
[roeerror:600030]
600031
[roeerror:600031]
600033
[roeerror:600033]
600035
[roeerror:600035]
600037
[roeerror:600037]
[roeerror:600037]
600038
[roeerror:600038]
600039
[roeerror:600039]
600048
[roeerror:600048]
600050
[roeerror:600050]
600051
[roeerror:600051]
600052
[roeerror:600052]
600053
[roeerror:600053]
600054
[roeerror:600054]
600055
[roeerror:600055]
600056
[roeerror:600056]
600057
[roeerror:600057]
600058
[roeerror:600058]
600059
[roeerror:600059]
600060
[roeerror:600060]
600061
[roeerror:600061]
600062
[roeerror:600062]
600063
[roeerror:600063]
600064
[roeerror:600064]
600066
[roeerror:600066]
600067
[roeerror:600067]
600068
[roeerror:600068]
600069
[roeerror:600069]
600070
[roeerror:600070]
600072
[roeerror:600072]
600073
[roeerror:600073]
600074
[roeerror:600074]
600075
[roeerror:600075]
600076
[roeerror:600076]
600077
[roeerror:600077]
600078
[roeerror:600078]
600079
[roeerror:600079]
600080
[roeerror:600080]
600081
[roeerror:600081]
600082
[roeerror:600082]
600083
[roeerror:600083]
600084
[roeerror:600084]
600085
[roeerror:600085]
600086
[roeerror:600086]
600088
[roeerror:600088]
600089
[roeerror:600089]
600090
[roeerror:600090]
600091
[roeerror:600091]
600093
[roeerror:600093]
600094
[roeerror:600094]
[roeerror:600094]
600095
[roeerror:600095]
600096
[roeerror:600096]
600097
[roeerror:600097]
600098
[roeerror:600098]
600099
[roeerror:600099]
600100
[roeerror:600100]
600101
[roeerror:600101]
[roeerror:600101]
[roeerror:600101]
[roeerror:600101]
600103
[roeerror:600103]
600104
[roeerror:600104]
600105
[roeerror:600105]
600106
[roeerror:600106]
600107
[roeerror:600107]
600108
[roeerror:600108]
600109
[roeerror:600109]
[roeerror:600109]
600110
[roeerror:600110]
600111
[roeerror:600111]
600112
[roeerror:600112]
600113
[roeerror:600113]
600114
[roeerror:600114]
600115
[roeerror:600115]
600116
[roeerror:600116]
600117
[roeerror:600117]
600118
[roeerror:600118]
600119
[roeerror:600119]
600120
[roeerror:600120]
600121
[roeerror:600121]
[roeerror:600121]
600122
[roeerror:600122]
600123
[roeerror:600123]
600125
[roeerror:600125]
600126
[roeerror:600126]
600127
[roeerror:600127]
600128
[roeerror:600128]
600129
[roeerror:600129]
600130
[roeerror:600130]
600131
[roeerror:600131]
600132
[roeerror:600132]
600133
[roeerror:600133]
600135
[roeerror:600135]
600136
[roeerror:600136]
600137
[roeerror:600137]
600138
[roeerror:600138]
600139
[roeerror:600139]
600141
[roeerror:600141]
600143
[roeerror:600143]
600145
[roeerror:600145]
600146
[roeerror:600146]
600148
[roeerror:600148]
600149
[roeerror:600149]
600150
[roeerror:600150]
600151
[roeerror:600151]
600152
[roeerror:600152]
600153
[roeerror:600153]
600155
[roeerror:600155]
600156
[roeerror:600156]
600157
[roeerror:600157]
600158
[roeerror:600158]
[roeerror:600158]
600159
[roeerror:600159]
600160
[roeerror:600160]
600161
[roeerror:600161]
600162
[roeerror:600162]
600163
[roeerror:600163]
600165
[roeerror:600165]
600166
[roeerror:600166]
600167
[roeerror:600167]
600168
[roeerror:600168]
600169
[roeerror:600169]
600170
[roeerror:600170]
600171
[roeerror:600171]
600172
[roeerror:600172]
600173
[roeerror:600173]
600175
[roeerror:600175]
600176
[roeerror:600176]
600177
[roeerror:600177]
600178
[roeerror:600178]
600179
[roeerror:600179]
600180
[roeerror:600180]
600182
[roeerror:600182]
600183
[roeerror:600183]
600184
[roeerror:600184]
600185
[roeerror:600185]
600186
[roeerror:600186]
600187
[roeerror:600187]
600188
[roeerror:600188]
600189
[roeerror:600189]
600190
[roeerror:600190]
600191
[roeerror:600191]
600192
[roeerror:600192]
600193
[roeerror:600193]
600195
[roeerror:600195]
600196
[roeerror:600196]
600197
[roeerror:600197]
600198
[roeerror:600198]
600199
[roeerror:600199]
600200
[roeerror:600200]
600201
[roeerror:600201]
600202
[roeerror:600202]
600203
[roeerror:600203]
600206
[roeerror:600206]
600207
[roeerror:600207]
600208
[roeerror:600208]
600209
[roeerror:600209]
600210
[roeerror:600210]
600211
[roeerror:600211]
600212
[roeerror:600212]
600213
[roeerror:600213]
600215
[roeerror:600215]
600216
[roeerror:600216]
[roeerror:600216]
600217
[roeerror:600217]
600218
[roeerror:600218]
600219
[roeerror:600219]
600220
[roeerror:600220]
600221
[roeerror:600221]
600222
[roeerror:600222]
600223
[roeerror:600223]
600225
[roeerror:600225]
600226
[roeerror:600226]
[roeerror:600226]
600227
[roeerror:600227]
600228
[roeerror:600228]
600229
[roeerror:600229]
600230
[roeerror:600230]
600231
[roeerror:600231]
600232
[roeerror:600232]
600233
[roeerror:600233]
600234
[roeerror:600234]
[roeerror:600234]
[roeerror:600234]
[roeerror:600234]
[roeerror:600234]
[roeerror:600234]
[roeerror:600234]
[roeerror:600234]
[roeerror:600234]
[roeerror:600234]
600235
[roeerror:600235]
